<?xml version="1.0" encoding="UTF-8"?>
<robot generator="Robot 3.2.1 (Python 3.8.3 on darwin)" generated="20200722 20:25:05.650" rpa="false">
<suite id="s1" name="TestSuite" source="/Users/bazhenakashchuk/PycharmProjects/wiki/tests/TestSuite.robot">
<test id="s1-t1" name="User open the article and change languages of the article">
<kw name="Open And Load Application" library="Keywords">
<kw name="Open Application" library="AppiumLibrary">
<doc>Opens a new application to given Appium server.
Capabilities of appium server, Android and iOS,
Please check https://github.com/appium/appium/blob/master/docs/en/writing-running-appium/server-args.md
| *Option*            | *Man.* | *Description*     |
| remote_url          | Yes    | Appium server url |
| alias               | no     | alias             |</doc>
<arguments>
<arg>http://localhost:4723/wd/hub</arg>
<arg>alias=myApp</arg>
<arg>platformName=iOS</arg>
<arg>platformVersion=13.6</arg>
<arg>deviceName=iPhone 8</arg>
<arg>app=/Users/bazhenakashchuk/Desktop/Wikipedia.app</arg>
</arguments>
<status status="PASS" starttime="20200722 20:25:06.277" endtime="20200722 20:25:17.453"></status>
</kw>
<status status="PASS" starttime="20200722 20:25:06.277" endtime="20200722 20:25:17.453"></status>
</kw>
<kw name="Skip Settings" library="Keywords">
<kw name="Wait Until Page Contains Element" library="AppiumLibrary">
<doc>Waits until element specified with `locator` appears on current page.</doc>
<arguments>
<arg>accessibility_id=Skip</arg>
</arguments>
<status status="PASS" starttime="20200722 20:25:17.454" endtime="20200722 20:25:17.693"></status>
</kw>
<kw name="Click Element" library="AppiumLibrary">
<doc>Click element identified by `locator`.</doc>
<arguments>
<arg>accessibility_id=Skip</arg>
</arguments>
<msg timestamp="20200722 20:25:17.695" level="INFO">Clicking element 'accessibility_id=Skip'.</msg>
<status status="PASS" starttime="20200722 20:25:17.693" endtime="20200722 20:25:18.508"></status>
</kw>
<status status="PASS" starttime="20200722 20:25:17.454" endtime="20200722 20:25:18.509"></status>
</kw>
<kw name="Search The Article" library="Keywords">
<kw name="Wait Until Page Contains Element" library="AppiumLibrary">
<doc>Waits until element specified with `locator` appears on current page.</doc>
<arguments>
<arg>accessibility_id=Search Wikipedia</arg>
</arguments>
<status status="PASS" starttime="20200722 20:25:18.510" endtime="20200722 20:25:19.776"></status>
</kw>
<kw name="Click Element" library="AppiumLibrary">
<doc>Click element identified by `locator`.</doc>
<arguments>
<arg>accessibility_id=Search Wikipedia</arg>
</arguments>
<msg timestamp="20200722 20:25:19.779" level="INFO">Clicking element 'accessibility_id=Search Wikipedia'.</msg>
<status status="PASS" starttime="20200722 20:25:19.776" endtime="20200722 20:25:21.364"></status>
</kw>
<kw name="Input Text" library="AppiumLibrary">
<doc>Types the given `text` into text field identified by `locator`.</doc>
<arguments>
<arg>accessibility_id=Search Wikipedia</arg>
<arg>${Article}</arg>
</arguments>
<msg timestamp="20200722 20:25:21.367" level="INFO">Typing text 'Peris Hilton' into text field 'accessibility_id=Search Wikipedia'</msg>
<status status="PASS" starttime="20200722 20:25:21.365" endtime="20200722 20:25:23.347"></status>
</kw>
<kw name="Tap" library="AppiumLibrary">
<doc>Tap element identified by ``locator``.</doc>
<arguments>
<arg>Search</arg>
</arguments>
<status status="PASS" starttime="20200722 20:25:23.348" endtime="20200722 20:25:24.097"></status>
</kw>
<status status="PASS" starttime="20200722 20:25:18.509" endtime="20200722 20:25:24.098"></status>
</kw>
<kw name="Open The Article" library="Keywords">
<kw name="Wait Until Page Contains Element" library="AppiumLibrary">
<doc>Waits until element specified with `locator` appears on current page.</doc>
<arguments>
<arg>accessibility_id=Paris Hilton</arg>
</arguments>
<status status="PASS" starttime="20200722 20:25:24.099" endtime="20200722 20:25:24.865"></status>
</kw>
<kw name="Click Element" library="AppiumLibrary">
<doc>Click element identified by `locator`.</doc>
<arguments>
<arg>accessibility_id=Paris Hilton</arg>
</arguments>
<msg timestamp="20200722 20:25:24.868" level="INFO">Clicking element 'accessibility_id=Paris Hilton'.</msg>
<status status="PASS" starttime="20200722 20:25:24.866" endtime="20200722 20:25:26.415"></status>
</kw>
<status status="PASS" starttime="20200722 20:25:24.098" endtime="20200722 20:25:26.415"></status>
</kw>
<kw name="Change Language" library="Keywords">
<doc>ENG to RUS</doc>
<kw name="Wait Until Page Contains Element" library="AppiumLibrary">
<doc>Waits until element specified with `locator` appears on current page.</doc>
<arguments>
<arg>accessibility_id=Change language</arg>
</arguments>
<status status="PASS" starttime="20200722 20:25:26.416" endtime="20200722 20:25:26.937"></status>
</kw>
<kw name="Click Element" library="AppiumLibrary">
<doc>Click element identified by `locator`.</doc>
<arguments>
<arg>accessibility_id=Change language</arg>
</arguments>
<msg timestamp="20200722 20:25:26.940" level="INFO">Clicking element 'accessibility_id=Change language'.</msg>
<status status="PASS" starttime="20200722 20:25:26.937" endtime="20200722 20:25:28.078"></status>
</kw>
<kw name="Wait Until Page Contains Element" library="AppiumLibrary">
<doc>Waits until element specified with `locator` appears on current page.</doc>
<arguments>
<arg>accessibility_id=Русский</arg>
</arguments>
<status status="PASS" starttime="20200722 20:25:28.079" endtime="20200722 20:25:43.641"></status>
</kw>
<kw name="Click Element" library="AppiumLibrary">
<doc>Click element identified by `locator`.</doc>
<arguments>
<arg>accessibility_id=Русский</arg>
</arguments>
<msg timestamp="20200722 20:25:43.643" level="INFO">Clicking element 'accessibility_id=Русский'.</msg>
<status status="PASS" starttime="20200722 20:25:43.641" endtime="20200722 20:26:18.141"></status>
</kw>
<kw name="Set Appium Timeout" library="AppiumLibrary">
<doc>Sets the timeout in seconds used by various keywords.</doc>
<arguments>
<arg>10</arg>
</arguments>
<status status="PASS" starttime="20200722 20:26:18.142" endtime="20200722 20:26:18.142"></status>
</kw>
<kw name="Page Should Contain Element" library="AppiumLibrary">
<doc>Verifies that current page contains `locator` element.</doc>
<arguments>
<arg>accessibility_id=Хилтон, Пэрис</arg>
</arguments>
<msg timestamp="20200722 20:26:25.956" level="INFO">Current page contains element 'accessibility_id=Хилтон, Пэрис'.</msg>
<status status="PASS" starttime="20200722 20:26:18.142" endtime="20200722 20:26:25.956"></status>
</kw>
<status status="PASS" starttime="20200722 20:25:26.416" endtime="20200722 20:26:25.956"></status>
</kw>
<kw name="Close Application" library="AppiumLibrary">
<doc>Closes the current application and also close webdriver session.</doc>
<status status="PASS" starttime="20200722 20:26:25.957" endtime="20200722 20:26:27.016"></status>
</kw>
<status status="PASS" starttime="20200722 20:25:06.276" endtime="20200722 20:26:27.017" critical="yes"></status>
</test>
<status status="PASS" starttime="20200722 20:25:05.655" endtime="20200722 20:26:27.019"></status>
</suite>
<statistics>
<total>
<stat pass="1" fail="0">Critical Tests</stat>
<stat pass="1" fail="0">All Tests</stat>
</total>
<tag>
</tag>
<suite>
<stat pass="1" fail="0" id="s1" name="TestSuite">TestSuite</stat>
</suite>
</statistics>
<errors>
</errors>
</robot>
